<?xml version="1.0" encoding="UTF-8"?>
<!-- Generated by org.testng.reporters.JUnitXMLReporter -->
<testsuite ignored="13" hostname="Tithi" failures="0" tests="5" name="Sanity_Tests" time="78.141" errors="0" timestamp="2023-09-28T12:54:31 EDT">
  <testcase classname="testcases.SigninTest" name="signin" time="6.64"/>
  <testcase classname="testcases.IndexTest" name="selecteachorderoptions" time="21.34"/>
  <testcase classname="testcases.SRPTest" name="verifysearchbar" time="0.237"/>
  <testcase classname="testcases.MyAccountTest" name="addnewaddressinmyaccount" time="15.197"/>
  <testcase classname="testcases.MyAccountTest" name="confirmnewaddressisadded" time="10.167"/>
  <testcase classname="basepackage.BaseClass" name="@BeforeTest loadconfig" time="0.0">
    <ignored/>
  </testcase> <!-- @BeforeTest loadconfig -->
  <testcase classname="basepackage.BaseClass" name="@BeforeTest loadconfig" time="0.0">
    <ignored/>
  </testcase> <!-- @BeforeTest loadconfig -->
  <testcase classname="testcases.SRPTest" name="opensearchproduct" time="0.0">
    <ignored/>
  </testcase> <!-- opensearchproduct -->
  <testcase classname="basepackage.BaseClass" name="@BeforeTest loadconfig" time="0.0">
    <ignored/>
  </testcase> <!-- @BeforeTest loadconfig -->
  <testcase classname="testcases.EndtoEndTest" name="End2EndTest" time="0.0">
    <ignored/>
  </testcase> <!-- End2EndTest -->
  <testcase classname="basepackage.BaseClass" name="@BeforeTest loadconfig" time="0.0">
    <ignored/>
  </testcase> <!-- @BeforeTest loadconfig -->
  <testcase classname="basepackage.BaseClass" name="@BeforeTest loadconfig" time="0.0">
    <ignored/>
  </testcase> <!-- @BeforeTest loadconfig -->
  <testcase classname="basepackage.BaseClass" name="@BeforeTest loadconfig" time="0.0">
    <ignored/>
  </testcase> <!-- @BeforeTest loadconfig -->
  <testcase classname="testcases.Add2CartTest" name="addproducttocart" time="0.0">
    <ignored/>
  </testcase> <!-- addproducttocart -->
  <testcase classname="testcases.IndexTest" name="clickonuracct" time="0.0">
    <ignored/>
  </testcase> <!-- clickonuracct -->
  <testcase classname="testcases.ShoppingCartTest" name="openshoppingcart" time="0.0">
    <ignored/>
  </testcase> <!-- openshoppingcart -->
  <testcase classname="basepackage.BaseClass" name="@BeforeTest loadconfig" time="0.0">
    <ignored/>
  </testcase> <!-- @BeforeTest loadconfig -->
  <testcase classname="testcases.HomePageTest" name="verifylogo" time="0.0">
    <ignored/>
  </testcase> <!-- verifylogo -->
</testsuite> <!-- Sanity_Tests -->
