<?xml version="1.0" encoding="UTF-8"?>
<testng-results ignored="0" total="11" passed="10" failed="1" skipped="0">
  <reporter-output>
  </reporter-output>
  <suite started-at="2023-09-29T17:08:43 EDT" name="Suite" finished-at="2023-09-29T17:12:42 EDT" duration-ms="239498">
    <groups>
      <group name="Sanity">
        <method signature="IndexTest.selecteachorderoptions()[pri:0, instance:testcases.IndexTest@6989da5e]" name="selecteachorderoptions" class="testcases.IndexTest"/>
        <method signature="MyAccountTest.addnewaddressinmyaccount()[pri:0, instance:testcases.MyAccountTest@682b2fa]" name="addnewaddressinmyaccount" class="testcases.MyAccountTest"/>
        <method signature="MyAccountTest.confirmnewaddressisadded()[pri:0, instance:testcases.MyAccountTest@682b2fa]" name="confirmnewaddressisadded" class="testcases.MyAccountTest"/>
        <method signature="SRPTest.verifysearchbar()[pri:0, instance:testcases.SRPTest@385c9627]" name="verifysearchbar" class="testcases.SRPTest"/>
        <method signature="SigninTest.signin()[pri:0, instance:testcases.SigninTest@5aa9e4eb]" name="signin" class="testcases.SigninTest"/>
      </group> <!-- Sanity -->
      <group name="Regression">
        <method signature="Add2CartTest.addproducttocart()[pri:0, instance:testcases.Add2CartTest@139982de]" name="addproducttocart" class="testcases.Add2CartTest"/>
        <method signature="EndtoEndTest.End2EndTest()[pri:0, instance:testcases.EndtoEndTest@7dcf94f8]" name="End2EndTest" class="testcases.EndtoEndTest"/>
        <method signature="ShoppingCartTest.openshoppingcart()[pri:0, instance:testcases.ShoppingCartTest@217ed35e]" name="openshoppingcart" class="testcases.ShoppingCartTest"/>
      </group> <!-- Regression -->
      <group name="Smoke">
        <method signature="Add2CartTest.addproducttocart()[pri:0, instance:testcases.Add2CartTest@139982de]" name="addproducttocart" class="testcases.Add2CartTest"/>
        <method signature="HomePageTest.verifylogo()[pri:0, instance:testcases.HomePageTest@6150c3ec]" name="verifylogo" class="testcases.HomePageTest"/>
        <method signature="IndexTest.clickonuracct()[pri:0, instance:testcases.IndexTest@6989da5e]" name="clickonuracct" class="testcases.IndexTest"/>
        <method signature="SRPTest.opensearchproduct()[pri:0, instance:testcases.SRPTest@385c9627]" name="opensearchproduct" class="testcases.SRPTest"/>
        <method signature="ShoppingCartTest.openshoppingcart()[pri:0, instance:testcases.ShoppingCartTest@217ed35e]" name="openshoppingcart" class="testcases.ShoppingCartTest"/>
        <method signature="SigninTest.signin()[pri:0, instance:testcases.SigninTest@5aa9e4eb]" name="signin" class="testcases.SigninTest"/>
      </group> <!-- Smoke -->
    </groups>
    <test started-at="2023-09-29T17:08:43 EDT" name="All_Test" finished-at="2023-09-29T17:12:42 EDT" duration-ms="239498">
      <class name="testcases.Add2CartTest">
        <test-method is-config="true" signature="setup()[pri:0, instance:testcases.Add2CartTest@139982de]" started-at="2023-09-29T17:10:20 EDT" name="setup" finished-at="2023-09-29T17:10:24 EDT" duration-ms="3676" status="PASS">
          <reporter-output>
          </reporter-output>
        </test-method> <!-- setup -->
        <test-method signature="addproducttocart()[pri:0, instance:testcases.Add2CartTest@139982de]" started-at="2023-09-29T17:10:24 EDT" name="addproducttocart" finished-at="2023-09-29T17:10:47 EDT" duration-ms="22862" status="PASS">
          <reporter-output>
          </reporter-output>
        </test-method> <!-- addproducttocart -->
        <test-method is-config="true" signature="teardown()[pri:0, instance:testcases.Add2CartTest@139982de]" started-at="2023-09-29T17:10:47 EDT" name="teardown" finished-at="2023-09-29T17:10:47 EDT" duration-ms="282" status="PASS">
          <reporter-output>
          </reporter-output>
        </test-method> <!-- teardown -->
      </class> <!-- testcases.Add2CartTest -->
      <class name="testcases.HomePageTest">
        <test-method is-config="true" signature="loadconfig()[pri:0, instance:testcases.HomePageTest@6150c3ec]" started-at="2023-09-29T17:08:43 EDT" name="loadconfig" finished-at="2023-09-29T17:08:43 EDT" duration-ms="15" status="PASS">
          <reporter-output>
          </reporter-output>
        </test-method> <!-- loadconfig -->
        <test-method is-config="true" signature="setup()[pri:0, instance:testcases.HomePageTest@6150c3ec]" started-at="2023-09-29T17:08:43 EDT" name="setup" finished-at="2023-09-29T17:08:49 EDT" duration-ms="6349" status="PASS">
          <reporter-output>
          </reporter-output>
        </test-method> <!-- setup -->
        <test-method signature="verifylogo()[pri:0, instance:testcases.HomePageTest@6150c3ec]" started-at="2023-09-29T17:08:49 EDT" name="verifylogo" finished-at="2023-09-29T17:08:50 EDT" duration-ms="1014" status="PASS">
          <reporter-output>
          </reporter-output>
        </test-method> <!-- verifylogo -->
        <test-method is-config="true" signature="teardown()[pri:0, instance:testcases.HomePageTest@6150c3ec]" started-at="2023-09-29T17:08:50 EDT" name="teardown" finished-at="2023-09-29T17:08:50 EDT" duration-ms="207" status="PASS">
          <reporter-output>
          </reporter-output>
        </test-method> <!-- teardown -->
      </class> <!-- testcases.HomePageTest -->
      <class name="testcases.MyAccountTest">
        <test-method is-config="true" signature="setup()[pri:0, instance:testcases.MyAccountTest@682b2fa]" started-at="2023-09-29T17:10:47 EDT" name="setup" finished-at="2023-09-29T17:10:52 EDT" duration-ms="4546" status="PASS">
          <reporter-output>
          </reporter-output>
        </test-method> <!-- setup -->
        <test-method signature="addnewaddressinmyaccount()[pri:0, instance:testcases.MyAccountTest@682b2fa]" started-at="2023-09-29T17:10:52 EDT" name="addnewaddressinmyaccount" finished-at="2023-09-29T17:11:14 EDT" duration-ms="22060" status="PASS">
          <reporter-output>
          </reporter-output>
        </test-method> <!-- addnewaddressinmyaccount -->
        <test-method is-config="true" signature="teardown()[pri:0, instance:testcases.MyAccountTest@682b2fa]" started-at="2023-09-29T17:11:14 EDT" name="teardown" finished-at="2023-09-29T17:11:14 EDT" duration-ms="231" status="PASS">
          <reporter-output>
          </reporter-output>
        </test-method> <!-- teardown -->
        <test-method is-config="true" signature="setup()[pri:0, instance:testcases.MyAccountTest@682b2fa]" started-at="2023-09-29T17:11:14 EDT" name="setup" finished-at="2023-09-29T17:11:18 EDT" duration-ms="3387" status="PASS">
          <reporter-output>
          </reporter-output>
        </test-method> <!-- setup -->
        <test-method signature="confirmnewaddressisadded()[pri:0, instance:testcases.MyAccountTest@682b2fa]" started-at="2023-09-29T17:11:18 EDT" name="confirmnewaddressisadded" finished-at="2023-09-29T17:11:29 EDT" duration-ms="11139" status="PASS">
          <reporter-output>
          </reporter-output>
        </test-method> <!-- confirmnewaddressisadded -->
        <test-method is-config="true" signature="teardown()[pri:0, instance:testcases.MyAccountTest@682b2fa]" started-at="2023-09-29T17:11:29 EDT" name="teardown" finished-at="2023-09-29T17:11:29 EDT" duration-ms="285" status="PASS">
          <reporter-output>
          </reporter-output>
        </test-method> <!-- teardown -->
      </class> <!-- testcases.MyAccountTest -->
      <class name="testcases.ShoppingCartTest">
        <test-method is-config="true" signature="setup()[pri:0, instance:testcases.ShoppingCartTest@217ed35e]" started-at="2023-09-29T17:11:29 EDT" name="setup" finished-at="2023-09-29T17:11:34 EDT" duration-ms="4796" status="PASS">
          <reporter-output>
          </reporter-output>
        </test-method> <!-- setup -->
        <test-method signature="openshoppingcart()[pri:0, instance:testcases.ShoppingCartTest@217ed35e]" started-at="2023-09-29T17:11:34 EDT" name="openshoppingcart" finished-at="2023-09-29T17:12:05 EDT" duration-ms="31136" status="FAIL">
          <exception class="org.openqa.selenium.NoSuchWindowException">
            <message>
              <![CDATA[no such window: target window already closed
from unknown error: web view not found
  (Session info: chrome=117.0.5938.132)
Build info: version: '4.12.1', revision: '8e34639b11'
System info: os.name: 'Windows 11', os.arch: 'amd64', os.version: '10.0', java.version: '20.0.1'
Driver info: org.openqa.selenium.chrome.ChromeDriver
Command: [d9e2461b6f61174390eedfdb1a94afc5, findElement {using=xpath, value=//*[@id="sc-active-Ca4cbe7cc-3e80-4cb7-890d-11ff544c1554"]/div[4]}]
Capabilities {acceptInsecureCerts: false, browserName: chrome, browserVersion: 117.0.5938.132, chrome: {chromedriverVersion: 116.0.5845.96 (1a3918166880..., userDataDir: C:\Users\tithi\AppData\Loca...}, fedcm:accounts: true, goog:chromeOptions: {debuggerAddress: localhost:56966}, networkConnectionEnabled: false, pageLoadStrategy: normal, platformName: windows, proxy: Proxy(), se:cdp: ws://localhost:56966/devtoo..., se:cdpVersion: 117.0.5938.132, setWindowRect: true, strictFileInteractability: false, timeouts: {implicit: 0, pageLoad: 300000, script: 30000}, unhandledPromptBehavior: dismiss and notify, webauthn:extension:credBlob: true, webauthn:extension:largeBlob: true, webauthn:extension:minPinLength: true, webauthn:extension:prf: true, webauthn:virtualAuthenticators: true}
Session ID: d9e2461b6f61174390eedfdb1a94afc5]]>
            </message>
            <full-stacktrace>
              <![CDATA[org.openqa.selenium.NoSuchWindowException: no such window: target window already closed
from unknown error: web view not found
  (Session info: chrome=117.0.5938.132)
Build info: version: '4.12.1', revision: '8e34639b11'
System info: os.name: 'Windows 11', os.arch: 'amd64', os.version: '10.0', java.version: '20.0.1'
Driver info: org.openqa.selenium.chrome.ChromeDriver
Command: [d9e2461b6f61174390eedfdb1a94afc5, findElement {using=xpath, value=//*[@id="sc-active-Ca4cbe7cc-3e80-4cb7-890d-11ff544c1554"]/div[4]}]
Capabilities {acceptInsecureCerts: false, browserName: chrome, browserVersion: 117.0.5938.132, chrome: {chromedriverVersion: 116.0.5845.96 (1a3918166880..., userDataDir: C:\Users\tithi\AppData\Loca...}, fedcm:accounts: true, goog:chromeOptions: {debuggerAddress: localhost:56966}, networkConnectionEnabled: false, pageLoadStrategy: normal, platformName: windows, proxy: Proxy(), se:cdp: ws://localhost:56966/devtoo..., se:cdpVersion: 117.0.5938.132, setWindowRect: true, strictFileInteractability: false, timeouts: {implicit: 0, pageLoad: 300000, script: 30000}, unhandledPromptBehavior: dismiss and notify, webauthn:extension:credBlob: true, webauthn:extension:largeBlob: true, webauthn:extension:minPinLength: true, webauthn:extension:prf: true, webauthn:virtualAuthenticators: true}
Session ID: d9e2461b6f61174390eedfdb1a94afc5
at java.base/jdk.internal.reflect.DirectConstructorHandleAccessor.newInstance(DirectConstructorHandleAccessor.java:67)
at java.base/java.lang.reflect.Constructor.newInstanceWithCaller(Constructor.java:500)
at java.base/java.lang.reflect.Constructor.newInstance(Constructor.java:484)
at org.openqa.selenium.remote.codec.w3c.W3CHttpResponseCodec.createException(W3CHttpResponseCodec.java:200)
at org.openqa.selenium.remote.codec.w3c.W3CHttpResponseCodec.decode(W3CHttpResponseCodec.java:133)
at org.openqa.selenium.remote.codec.w3c.W3CHttpResponseCodec.decode(W3CHttpResponseCodec.java:52)
at org.openqa.selenium.remote.HttpCommandExecutor.execute(HttpCommandExecutor.java:191)
at org.openqa.selenium.remote.service.DriverCommandExecutor.invokeExecute(DriverCommandExecutor.java:196)
at org.openqa.selenium.remote.service.DriverCommandExecutor.execute(DriverCommandExecutor.java:171)
at org.openqa.selenium.remote.RemoteWebDriver.execute(RemoteWebDriver.java:602)
at org.openqa.selenium.remote.ElementLocation$ElementFinder$2.findElement(ElementLocation.java:165)
at org.openqa.selenium.remote.ElementLocation.findElement(ElementLocation.java:59)
at org.openqa.selenium.remote.RemoteWebDriver.findElement(RemoteWebDriver.java:359)
at org.openqa.selenium.remote.RemoteWebDriver.findElement(RemoteWebDriver.java:353)
at org.openqa.selenium.support.pagefactory.DefaultElementLocator.findElement(DefaultElementLocator.java:68)
at org.openqa.selenium.support.pagefactory.internal.LocatingElementHandler.invoke(LocatingElementHandler.java:38)
at jdk.proxy2/jdk.proxy2.$Proxy17.getText(Unknown Source)
at pageobjects.ShoppingCart.confirmitemincart(ShoppingCart.java:27)
at testcases.ShoppingCartTest.openshoppingcart(ShoppingCartTest.java:44)
at java.base/jdk.internal.reflect.DirectMethodHandleAccessor.invoke(DirectMethodHandleAccessor.java:104)
at java.base/java.lang.reflect.Method.invoke(Method.java:578)
at org.testng.internal.invokers.MethodInvocationHelper.invokeMethod(MethodInvocationHelper.java:139)
at org.testng.internal.invokers.TestInvoker.invokeMethod(TestInvoker.java:664)
at org.testng.internal.invokers.TestInvoker.invokeTestMethod(TestInvoker.java:227)
at org.testng.internal.invokers.MethodRunner.runInSequence(MethodRunner.java:50)
at org.testng.internal.invokers.TestInvoker$MethodInvocationAgent.invoke(TestInvoker.java:957)
at org.testng.internal.invokers.TestInvoker.invokeTestMethods(TestInvoker.java:200)
at org.testng.internal.invokers.TestMethodWorker.invokeTestMethods(TestMethodWorker.java:148)
at org.testng.internal.invokers.TestMethodWorker.run(TestMethodWorker.java:128)
at java.base/java.util.ArrayList.forEach(ArrayList.java:1511)
at org.testng.TestRunner.privateRun(TestRunner.java:848)
at org.testng.TestRunner.run(TestRunner.java:621)
at org.testng.SuiteRunner.runTest(SuiteRunner.java:443)
at org.testng.SuiteRunner.runSequentially(SuiteRunner.java:437)
at org.testng.SuiteRunner.privateRun(SuiteRunner.java:397)
at org.testng.SuiteRunner.run(SuiteRunner.java:336)
at org.testng.SuiteRunnerWorker.runSuite(SuiteRunnerWorker.java:52)
at org.testng.SuiteRunnerWorker.run(SuiteRunnerWorker.java:95)
at org.testng.TestNG.runSuitesSequentially(TestNG.java:1280)
at org.testng.TestNG.runSuitesLocally(TestNG.java:1200)
at org.testng.TestNG.runSuites(TestNG.java:1114)
at org.testng.TestNG.run(TestNG.java:1082)
at org.testng.remote.AbstractRemoteTestNG.run(AbstractRemoteTestNG.java:115)
at org.testng.remote.RemoteTestNG.initAndRun(RemoteTestNG.java:251)
at org.testng.remote.RemoteTestNG.main(RemoteTestNG.java:77)
]]>
            </full-stacktrace>
          </exception> <!-- org.openqa.selenium.NoSuchWindowException -->
          <reporter-output>
          </reporter-output>
        </test-method> <!-- openshoppingcart -->
        <test-method is-config="true" signature="teardown()[pri:0, instance:testcases.ShoppingCartTest@217ed35e]" started-at="2023-09-29T17:12:05 EDT" name="teardown" finished-at="2023-09-29T17:12:05 EDT" duration-ms="190" status="PASS">
          <reporter-output>
          </reporter-output>
        </test-method> <!-- teardown -->
      </class> <!-- testcases.ShoppingCartTest -->
      <class name="testcases.EndtoEndTest">
        <test-method is-config="true" signature="setup()[pri:0, instance:testcases.EndtoEndTest@7dcf94f8]" started-at="2023-09-29T17:12:05 EDT" name="setup" finished-at="2023-09-29T17:12:09 EDT" duration-ms="3660" status="PASS">
          <reporter-output>
          </reporter-output>
        </test-method> <!-- setup -->
        <test-method signature="End2EndTest()[pri:0, instance:testcases.EndtoEndTest@7dcf94f8]" started-at="2023-09-29T17:12:09 EDT" name="End2EndTest" finished-at="2023-09-29T17:12:42 EDT" duration-ms="33099" status="PASS">
          <reporter-output>
          </reporter-output>
        </test-method> <!-- End2EndTest -->
        <test-method is-config="true" signature="teardown()[pri:0, instance:testcases.EndtoEndTest@7dcf94f8]" started-at="2023-09-29T17:12:42 EDT" name="teardown" finished-at="2023-09-29T17:12:42 EDT" duration-ms="365" status="PASS">
          <reporter-output>
          </reporter-output>
        </test-method> <!-- teardown -->
      </class> <!-- testcases.EndtoEndTest -->
      <class name="testcases.IndexTest">
        <test-method is-config="true" signature="setup()[pri:0, instance:testcases.IndexTest@6989da5e]" started-at="2023-09-29T17:09:06 EDT" name="setup" finished-at="2023-09-29T17:09:10 EDT" duration-ms="4768" status="PASS">
          <reporter-output>
          </reporter-output>
        </test-method> <!-- setup -->
        <test-method signature="clickonuracct()[pri:0, instance:testcases.IndexTest@6989da5e]" started-at="2023-09-29T17:09:10 EDT" name="clickonuracct" finished-at="2023-09-29T17:09:23 EDT" duration-ms="13177" status="PASS">
          <reporter-output>
          </reporter-output>
        </test-method> <!-- clickonuracct -->
        <test-method is-config="true" signature="teardown()[pri:0, instance:testcases.IndexTest@6989da5e]" started-at="2023-09-29T17:09:23 EDT" name="teardown" finished-at="2023-09-29T17:09:24 EDT" duration-ms="252" status="PASS">
          <reporter-output>
          </reporter-output>
        </test-method> <!-- teardown -->
        <test-method is-config="true" signature="setup()[pri:0, instance:testcases.IndexTest@6989da5e]" started-at="2023-09-29T17:09:24 EDT" name="setup" finished-at="2023-09-29T17:09:27 EDT" duration-ms="3699" status="PASS">
          <reporter-output>
          </reporter-output>
        </test-method> <!-- setup -->
        <test-method signature="selecteachorderoptions()[pri:0, instance:testcases.IndexTest@6989da5e]" started-at="2023-09-29T17:09:27 EDT" name="selecteachorderoptions" finished-at="2023-09-29T17:09:51 EDT" duration-ms="24041" status="PASS">
          <reporter-output>
          </reporter-output>
        </test-method> <!-- selecteachorderoptions -->
        <test-method is-config="true" signature="teardown()[pri:0, instance:testcases.IndexTest@6989da5e]" started-at="2023-09-29T17:09:51 EDT" name="teardown" finished-at="2023-09-29T17:09:52 EDT" duration-ms="264" status="PASS">
          <reporter-output>
          </reporter-output>
        </test-method> <!-- teardown -->
      </class> <!-- testcases.IndexTest -->
      <class name="testcases.SigninTest">
        <test-method is-config="true" signature="setup()[pri:0, instance:testcases.SigninTest@5aa9e4eb]" started-at="2023-09-29T17:08:50 EDT" name="setup" finished-at="2023-09-29T17:08:57 EDT" duration-ms="6937" status="PASS">
          <reporter-output>
          </reporter-output>
        </test-method> <!-- setup -->
        <test-method signature="signin()[pri:0, instance:testcases.SigninTest@5aa9e4eb]" started-at="2023-09-29T17:08:57 EDT" name="signin" finished-at="2023-09-29T17:09:05 EDT" duration-ms="7905" status="PASS">
          <reporter-output>
          </reporter-output>
        </test-method> <!-- signin -->
        <test-method is-config="true" signature="teardown()[pri:0, instance:testcases.SigninTest@5aa9e4eb]" started-at="2023-09-29T17:09:05 EDT" name="teardown" finished-at="2023-09-29T17:09:06 EDT" duration-ms="290" status="PASS">
          <reporter-output>
          </reporter-output>
        </test-method> <!-- teardown -->
      </class> <!-- testcases.SigninTest -->
      <class name="testcases.SRPTest">
        <test-method is-config="true" signature="setup()[pri:0, instance:testcases.SRPTest@385c9627]" started-at="2023-09-29T17:09:52 EDT" name="setup" finished-at="2023-09-29T17:09:57 EDT" duration-ms="4835" status="PASS">
          <reporter-output>
          </reporter-output>
        </test-method> <!-- setup -->
        <test-method signature="opensearchproduct()[pri:0, instance:testcases.SRPTest@385c9627]" started-at="2023-09-29T17:09:57 EDT" name="opensearchproduct" finished-at="2023-09-29T17:10:15 EDT" duration-ms="18372" status="PASS">
          <reporter-output>
          </reporter-output>
        </test-method> <!-- opensearchproduct -->
        <test-method is-config="true" signature="teardown()[pri:0, instance:testcases.SRPTest@385c9627]" started-at="2023-09-29T17:10:15 EDT" name="teardown" finished-at="2023-09-29T17:10:15 EDT" duration-ms="375" status="PASS">
          <reporter-output>
          </reporter-output>
        </test-method> <!-- teardown -->
        <test-method is-config="true" signature="setup()[pri:0, instance:testcases.SRPTest@385c9627]" started-at="2023-09-29T17:10:15 EDT" name="setup" finished-at="2023-09-29T17:10:20 EDT" duration-ms="4195" status="PASS">
          <reporter-output>
          </reporter-output>
        </test-method> <!-- setup -->
        <test-method signature="verifysearchbar()[pri:0, instance:testcases.SRPTest@385c9627]" started-at="2023-09-29T17:10:20 EDT" name="verifysearchbar" finished-at="2023-09-29T17:10:20 EDT" duration-ms="740" status="PASS">
          <reporter-output>
          </reporter-output>
        </test-method> <!-- verifysearchbar -->
        <test-method is-config="true" signature="teardown()[pri:0, instance:testcases.SRPTest@385c9627]" started-at="2023-09-29T17:10:20 EDT" name="teardown" finished-at="2023-09-29T17:10:20 EDT" duration-ms="232" status="PASS">
          <reporter-output>
          </reporter-output>
        </test-method> <!-- teardown -->
      </class> <!-- testcases.SRPTest -->
    </test> <!-- All_Test -->
  </suite> <!-- Suite -->
</testng-results>
